<?xml version="1.0" encoding="UTF-8"?>
<!-- Generated by org.testng.reporters.JUnitReportReporter -->
<testsuite skipped="0" hostname="DESKTOP-39VEO8O" name="com.flipkart.phones.FilterPhones" tests="1" failures="0" timestamp="07 Feb 2021 18:23:58 GMT" time="21.628" errors="0">
  <testcase name="fetchIphones" time="21.628" classname="com.flipkart.phones.FilterPhones"/>
</testsuite> <!-- com.flipkart.phones.FilterPhones -->
